# JRE version: Java(TM) SE Runtime Environment (8.0_221-b11) (build 1.8.0_221-b11)
# Java VM: Java HotSpot(TM) 64-Bit Server VM (25.221-b11 mixed mode windows-amd64 compressed oops)
Heap:
 PSYoungGen      total 559104K, used 324299K [0x000000076b500000, 0x0000000798000000, 0x00000007c0000000)
  eden space 516608K, 57% used [0x000000076b500000,0x000000077d8e5098,0x000000078ad80000)
  from space 42496K, 59% used [0x000000078ad80000,0x000000078c64dc50,0x000000078d700000)
  to   space 43008K, 0% used [0x0000000795600000,0x0000000795600000,0x0000000798000000)
 ParOldGen       total 331776K, used 113742K [0x00000006c1e00000, 0x00000006d6200000, 0x000000076b500000)
  object space 331776K, 34% used [0x00000006c1e00000,0x00000006c8d138e8,0x00000006d6200000)
 Metaspace       used 85802K, capacity 87000K, committed 87320K, reserved 1128448K
  class space    used 8965K, capacity 9216K, committed 9240K, reserved 1048576K
GC Heap History (10 events):
Event: 15.984 GC heap before
{Heap before GC invocations=14 (full 2):
 PSYoungGen      total 361984K, used 361953K [0x000000076b500000, 0x0000000789d80000, 0x00000007c0000000)
  eden space 333824K, 100% used [0x000000076b500000,0x000000077fb00000,0x000000077fb00000)
  from space 28160K, 99% used [0x000000077fb00000,0x00000007816785b0,0x0000000781680000)
  to   space 37376K, 0% used [0x0000000787900000,0x0000000787900000,0x0000000789d80000)
 ParOldGen       total 175616K, used 50419K [0x00000006c1e00000, 0x00000006cc980000, 0x000000076b500000)
  object space 175616K, 28% used [0x00000006c1e00000,0x00000006c4f3cc10,0x00000006cc980000)
 Metaspace       used 54556K, capacity 55384K, committed 55592K, reserved 1097728K
  class space    used 6936K, capacity 7155K, committed 7208K, reserved 1048576K
Event: 16.006 GC heap after
Heap after GC invocations=14 (full 2):
 PSYoungGen      total 445440K, used 15360K [0x000000076b500000, 0x0000000789300000, 0x00000007c0000000)
  eden space 418816K, 0% used [0x000000076b500000,0x000000076b500000,0x0000000784e00000)
  from space 26624K, 57% used [0x0000000787900000,0x0000000788800000,0x0000000789300000)
  to   space 35328K, 0% used [0x0000000784e00000,0x0000000784e00000,0x0000000787080000)
 ParOldGen       total 175616K, used 78662K [0x00000006c1e00000, 0x00000006cc980000, 0x000000076b500000)
  object space 175616K, 44% used [0x00000006c1e00000,0x00000006c6ad1830,0x00000006cc980000)
 Metaspace       used 54556K, capacity 55384K, committed 55592K, reserved 1097728K
  class space    used 6936K, capacity 7155K, committed 7208K, reserved 1048576K
}
Event: 19.890 GC heap before
{Heap before GC invocations=15 (full 2):
 PSYoungGen      total 445440K, used 434176K [0x000000076b500000, 0x0000000789300000, 0x00000007c0000000)
  eden space 418816K, 100% used [0x000000076b500000,0x0000000784e00000,0x0000000784e00000)
  from space 26624K, 57% used [0x0000000787900000,0x0000000788800000,0x0000000789300000)
  to   space 35328K, 0% used [0x0000000784e00000,0x0000000784e00000,0x0000000787080000)
 ParOldGen       total 175616K, used 78662K [0x00000006c1e00000, 0x00000006cc980000, 0x000000076b500000)
  object space 175616K, 44% used [0x00000006c1e00000,0x00000006c6ad1830,0x00000006cc980000)
 Metaspace       used 57050K, capacity 57950K, committed 58024K, reserved 1099776K
  class space    used 7083K, capacity 7290K, committed 7336K, reserved 1048576K
Event: 19.912 GC heap after
Heap after GC invocations=15 (full 2):
 PSYoungGen      total 454144K, used 35296K [0x000000076b500000, 0x0000000790080000, 0x00000007c0000000)
  eden space 418816K, 0% used [0x000000076b500000,0x000000076b500000,0x0000000784e00000)
  from space 35328K, 99% used [0x0000000784e00000,0x0000000787078010,0x0000000787080000)
  to   space 42496K, 0% used [0x000000078d700000,0x000000078d700000,0x0000000790080000)
 ParOldGen       total 175616K, used 83792K [0x00000006c1e00000, 0x00000006cc980000, 0x000000076b500000)
  object space 175616K, 47% used [0x00000006c1e00000,0x00000006c6fd4120,0x00000006cc980000)
 Metaspace       used 57050K, capacity 57950K, committed 58024K, reserved 1099776K
  class space    used 7083K, capacity 7290K, committed 7336K, reserved 1048576K
}
Event: 20.404 GC heap before
{Heap before GC invocations=16 (full 2):
 PSYoungGen      total 454144K, used 95513K [0x000000076b500000, 0x0000000790080000, 0x00000007c0000000)
  eden space 418816K, 14% used [0x000000076b500000,0x000000076efce618,0x0000000784e00000)
  from space 35328K, 99% used [0x0000000784e00000,0x0000000787078010,0x0000000787080000)
  to   space 42496K, 0% used [0x000000078d700000,0x000000078d700000,0x0000000790080000)
 ParOldGen       total 175616K, used 83792K [0x00000006c1e00000, 0x00000006cc980000, 0x000000076b500000)
  object space 175616K, 47% used [0x00000006c1e00000,0x00000006c6fd4120,0x00000006cc980000)
 Metaspace       used 58114K, capacity 58986K, committed 59160K, reserved 1101824K
  class space    used 7140K, capacity 7356K, committed 7448K, reserved 1048576K
Event: 20.425 GC heap after
Heap after GC invocations=16 (full 2):
 PSYoungGen      total 559104K, used 6099K [0x000000076b500000, 0x0000000792300000, 0x00000007c0000000)
  eden space 516608K, 0% used [0x000000076b500000,0x000000076b500000,0x000000078ad80000)
  from space 42496K, 14% used [0x000000078d700000,0x000000078dcf4e10,0x0000000790080000)
  to   space 42496K, 0% used [0x000000078ad80000,0x000000078ad80000,0x000000078d700000)
 ParOldGen       total 175616K, used 119234K [0x00000006c1e00000, 0x00000006cc980000, 0x000000076b500000)
  object space 175616K, 67% used [0x00000006c1e00000,0x00000006c9270bf8,0x00000006cc980000)
 Metaspace       used 58114K, capacity 58986K, committed 59160K, reserved 1101824K
  class space    used 7140K, capacity 7356K, committed 7448K, reserved 1048576K
}
Event: 20.425 GC heap before
{Heap before GC invocations=17 (full 3):
 PSYoungGen      total 559104K, used 6099K [0x000000076b500000, 0x0000000792300000, 0x00000007c0000000)
  eden space 516608K, 0% used [0x000000076b500000,0x000000076b500000,0x000000078ad80000)
  from space 42496K, 14% used [0x000000078d700000,0x000000078dcf4e10,0x0000000790080000)
  to   space 42496K, 0% used [0x000000078ad80000,0x000000078ad80000,0x000000078d700000)
 ParOldGen       total 175616K, used 119234K [0x00000006c1e00000, 0x00000006cc980000, 0x000000076b500000)
  object space 175616K, 67% used [0x00000006c1e00000,0x00000006c9270bf8,0x00000006cc980000)
 Metaspace       used 58114K, capacity 58986K, committed 59160K, reserved 1101824K
  class space    used 7140K, capacity 7356K, committed 7448K, reserved 1048576K
Event: 20.767 GC heap after
Heap after GC invocations=17 (full 3):
 PSYoungGen      total 559104K, used 0K [0x000000076b500000, 0x0000000792300000, 0x00000007c0000000)
  eden space 516608K, 0% used [0x000000076b500000,0x000000076b500000,0x000000078ad80000)
  from space 42496K, 0% used [0x000000078d700000,0x000000078d700000,0x0000000790080000)
  to   space 42496K, 0% used [0x000000078ad80000,0x000000078ad80000,0x000000078d700000)
 ParOldGen       total 331776K, used 113734K [0x00000006c1e00000, 0x00000006d6200000, 0x000000076b500000)
  object space 331776K, 34% used [0x00000006c1e00000,0x00000006c8d118e8,0x00000006d6200000)
 Metaspace       used 58091K, capacity 58950K, committed 59160K, reserved 1101824K
  class space    used 7137K, capacity 7350K, committed 7448K, reserved 1048576K
}
Event: 61984.726 GC heap before
{Heap before GC invocations=18 (full 3):
 PSYoungGen      total 559104K, used 516608K [0x000000076b500000, 0x0000000792300000, 0x00000007c0000000)
  eden space 516608K, 100% used [0x000000076b500000,0x000000078ad80000,0x000000078ad80000)
  from space 42496K, 0% used [0x000000078d700000,0x000000078d700000,0x0000000790080000)
  to   space 42496K, 0% used [0x000000078ad80000,0x000000078ad80000,0x000000078d700000)
 ParOldGen       total 331776K, used 113734K [0x00000006c1e00000, 0x00000006d6200000, 0x000000076b500000)
  object space 331776K, 34% used [0x00000006c1e00000,0x00000006c8d118e8,0x00000006d6200000)
 Metaspace       used 68082K, capacity 69058K, committed 69272K, reserved 1110016K
  class space    used 8413K, capacity 8593K, committed 8600K, reserved 1048576K
Event: 61992.352 GC heap after
Heap after GC invocations=18 (full 3):
 PSYoungGen      total 559104K, used 25399K [0x000000076b500000, 0x0000000798000000, 0x00000007c0000000)
  eden space 516608K, 0% used [0x000000076b500000,0x000000076b500000,0x000000078ad80000)
  from space 42496K, 59% used [0x000000078ad80000,0x000000078c64dc50,0x000000078d700000)
  to   space 43008K, 0% used [0x0000000795600000,0x0000000795600000,0x0000000798000000)
 ParOldGen       total 331776K, used 113742K [0x00000006c1e00000, 0x00000006d6200000, 0x000000076b500000)
  object space 331776K, 34% used [0x00000006c1e00000,0x00000006c8d138e8,0x00000006d6200000)
 Metaspace       used 68082K, capacity 69058K, committed 69272K, reserved 1110016K
  class space    used 8413K, capacity 8593K, committed 8600K, reserved 1048576K
}

